{
  "RSpec": {
    "coverage": {
      "/Users/TomC/devroot/crud-service/lib/crud-service.rb": [
        1,
        null,
        null,
        null,
        null,
        4
      ],
      "/Users/TomC/devroot/crud-service/lib/crud-service/version.rb": [
        1,
        1,
        null
      ],
      "/Users/TomC/devroot/crud-service/lib/crud-service/api.rb": [
        1,
        1,
        null,
        null,
        1,
        null,
        0,
        null,
        null,
        null,
        null,
        null,
        null,
        null,
        null,
        null,
        0,
        null,
        0,
        0,
        0,
        null,
        null,
        null,
        0,
        null,
        0,
        0,
        0,
        null,
        null,
        0,
        0,
        null,
        0,
        null,
        null,
        null,
        0,
        null,
        null,
        0,
        null,
        null,
        0,
        null,
        null,
        0,
        null,
        null,
        0,
        null,
        null,
        null,
        0,
        0,
        0,
        null,
        null,
        0,
        null,
        null,
        0,
        0,
        null,
        0,
        null,
        null,
        null,
        0,
        null,
        null,
        0,
        null,
        null,
        0,
        null,
        null,
        0,
        null,
        null,
        null,
        0,
        0,
        0,
        null,
        null,
        0,
        null,
        null,
        0,
        null,
        0,
        null,
        null,
        null,
        null,
        null,
        0,
        null,
        0,
        0,
        0,
        null,
        0,
        null,
        0,
        null,
        null,
        0,
        null,
        null,
        null,
        0,
        0,
        0,
        null,
        0,
        0,
        null,
        0,
        0,
        0,
        null,
        null,
        null,
        null,
        null,
        null
      ],
      "/Users/TomC/devroot/crud-service/lib/crud-service/dal.rb": [
        1,
        null,
        1,
        null,
        null,
        null,
        null,
        1,
        1,
        null,
        null,
        1,
        118,
        118,
        118,
        null,
        null,
        null,
        1,
        17,
        null,
        17,
        6,
        6,
        null,
        null,
        null,
        17,
        null,
        17,
        17,
        17,
        10,
        10,
        null,
        17,
        null,
        null,
        null,
        17,
        null,
        null,
        17,
        null,
        17,
        4,
        null,
        null,
        null,
        null,
        null,
        13,
        13,
        null,
        0,
        0,
        null,
        null,
        null,
        13,
        13,
        10,
        12,
        null,
        null,
        null,
        13,
        null,
        13,
        null,
        null,
        null,
        13,
        null,
        null,
        null,
        1,
        9,
        8,
        null,
        7,
        10,
        null,
        null,
        6,
        4,
        null,
        null,
        5,
        2,
        null,
        null,
        4,
        null,
        null,
        null,
        1,
        22,
        22,
        29,
        27,
        null,
        null,
        22,
        null,
        null,
        1,
        15,
        15,
        16,
        14,
        null,
        null,
        15,
        null,
        null,
        null,
        1,
        4,
        4,
        4,
        8,
        8,
        null,
        4,
        null,
        null,
        null,
        1,
        3,
        3,
        7,
        null,
        3,
        null,
        null,
        null,
        1,
        46,
        null,
        6,
        40,
        null,
        15,
        null,
        null,
        25,
        null,
        null,
        null,
        null,
        1,
        24,
        24,
        45,
        45,
        null,
        24,
        null,
        null,
        null,
        1,
        11,
        null,
        null,
        null,
        1,
        4,
        null,
        null,
        null,
        1,
        20,
        null,
        3,
        17,
        null,
        6,
        null,
        null,
        11,
        null,
        null,
        null,
        null,
        1,
        59,
        59,
        null,
        null,
        null,
        1,
        2,
        null,
        null,
        null,
        1,
        5,
        5,
        5,
        null,
        null,
        null,
        1,
        7,
        7,
        7,
        7,
        null,
        null,
        null,
        1,
        0,
        null,
        null,
        1,
        0,
        0,
        0,
        0,
        0,
        0,
        null,
        0,
        null,
        null,
        null,
        null,
        null,
        null,
        1,
        0,
        null,
        0,
        null,
        0,
        null,
        0,
        0,
        0,
        0,
        0,
        0,
        0,
        null,
        null,
        0,
        null,
        null,
        1,
        1,
        3,
        3,
        null,
        null,
        1,
        null,
        null,
        null,
        1,
        2,
        null,
        2,
        4,
        null,
        null,
        2,
        null,
        null,
        null,
        1,
        2,
        null,
        2,
        12,
        12,
        null,
        null,
        2,
        null,
        null,
        null,
        1,
        1,
        1,
        6,
        null,
        null,
        null,
        null,
        1,
        11,
        5,
        null,
        null,
        null,
        1,
        25,
        8,
        null,
        null,
        null,
        1,
        6,
        null,
        2,
        null,
        2,
        null,
        2,
        null,
        0,
        null,
        null,
        null,
        null,
        1,
        2,
        null,
        2,
        2,
        2,
        2,
        null,
        null,
        null,
        1,
        2,
        null,
        2,
        2,
        2,
        2,
        null,
        null,
        null,
        1,
        2,
        null,
        2,
        2,
        2,
        2,
        null,
        null,
        null,
        1,
        7,
        null,
        3,
        null,
        2,
        null,
        2,
        null,
        0,
        null,
        null,
        null,
        null,
        1,
        17,
        null,
        17,
        18,
        18,
        18,
        11,
        null,
        7,
        null,
        null,
        null,
        17,
        null,
        null,
        null,
        1,
        4,
        4,
        4,
        null,
        null,
        null,
        1,
        8,
        7,
        null,
        null,
        6,
        12,
        null,
        null,
        null,
        5,
        9,
        null,
        8,
        null,
        null,
        null,
        3,
        null,
        null,
        null,
        1,
        5,
        4,
        null,
        null,
        3,
        5,
        null,
        4,
        null,
        null,
        null,
        1,
        null,
        null,
        null,
        1,
        2,
        null,
        2,
        2,
        null,
        0,
        0,
        null,
        null,
        2,
        null,
        2,
        1,
        null,
        1,
        null,
        null,
        null,
        null,
        1,
        1,
        null,
        1,
        1,
        null,
        0,
        0,
        null,
        null,
        1,
        null,
        1,
        null,
        null,
        null,
        1,
        1,
        null,
        1,
        1,
        null,
        0,
        0,
        null,
        null,
        1,
        1,
        null,
        null,
        null,
        1,
        8,
        8,
        3,
        4,
        null,
        3,
        null,
        null,
        null
      ],
      "/Users/TomC/devroot/crud-service/lib/crud-service/service.rb": [
        1,
        1,
        1,
        null,
        null,
        1,
        10,
        10,
        null,
        null,
        null,
        1,
        1,
        null,
        null,
        null,
        1,
        2,
        2,
        2,
        null,
        null,
        null,
        1,
        1,
        1,
        1,
        null,
        null,
        null,
        1,
        1,
        null,
        null,
        null,
        1,
        1,
        null,
        null,
        null,
        1,
        1,
        null,
        null,
        null,
        1,
        1,
        null,
        null,
        null,
        1,
        1,
        null,
        null,
        null,
        1,
        1,
        null,
        null,
        null
      ],
      "/Users/TomC/devroot/crud-service/spec/helpers_spec.rb": [
        1,
        1,
        118,
        118,
        95,
        null,
        118,
        null,
        null,
        null,
        1,
        12,
        12,
        null,
        12,
        13,
        null,
        null,
        12,
        null,
        12,
        null,
        null,
        null,
        1,
        9,
        9,
        9,
        null,
        null
      ],
      "/Users/TomC/devroot/crud-service/spec/service_spec.rb": [
        1,
        null,
        1,
        1,
        10,
        10,
        null,
        10,
        null,
        null,
        1,
        1,
        1,
        1,
        null,
        null,
        null,
        1,
        1,
        1,
        1,
        1,
        null,
        null,
        null,
        1,
        1,
        null,
        1,
        null,
        1,
        null,
        1,
        null,
        null,
        null,
        1,
        null,
        null,
        null,
        1,
        null,
        null,
        null,
        1,
        1,
        1,
        1,
        1,
        1,
        null,
        null,
        null,
        1,
        1,
        1,
        1,
        1,
        null,
        null,
        null,
        1,
        1,
        1,
        1,
        1,
        null,
        null,
        null,
        1,
        1,
        1,
        1,
        1,
        null,
        null,
        null,
        1,
        1,
        1,
        1,
        null,
        1,
        null,
        null,
        null,
        1,
        1,
        1,
        1,
        null,
        1,
        null,
        null,
        null,
        1,
        1,
        1,
        1,
        null,
        1,
        null,
        null,
        null
      ]
    },
    "timestamp": 1440468233
  }
}
